Created by PLY version 3.11 (http://www.dabeaz.com/ply)

Grammar

Rule 0     S' -> expression
Rule 1     expression -> expression PLUS expression
Rule 2     expression -> expression MINUS expression
Rule 3     expression -> expression MULTIPLY expression
Rule 4     expression -> expression DIVIDE expression
Rule 5     expression -> expression POWER expression
Rule 6     expression -> LPAREN expression RPAREN
Rule 7     expression -> NUMBER
Rule 8     expression -> SIN LPAREN expression RPAREN
Rule 9     expression -> COS LPAREN expression RPAREN
Rule 10    expression -> TAN LPAREN expression RPAREN
Rule 11    expression -> LOG LPAREN expression RPAREN
Rule 12    expression -> SQRT LPAREN expression RPAREN

Terminals, with rules where they appear

COS                  : 9
DIVIDE               : 4
LOG                  : 11
LPAREN               : 6 8 9 10 11 12
MINUS                : 2
MULTIPLY             : 3
NUMBER               : 7
PLUS                 : 1
POWER                : 5
RPAREN               : 6 8 9 10 11 12
SIN                  : 8
SQRT                 : 12
TAN                  : 10
error                : 

Nonterminals, with rules where they appear

expression           : 1 1 2 2 3 3 4 4 5 5 6 8 9 10 11 12 0

Parsing method: LALR

state 0

    (0) S' -> . expression
    (1) expression -> . expression PLUS expression
    (2) expression -> . expression MINUS expression
    (3) expression -> . expression MULTIPLY expression
    (4) expression -> . expression DIVIDE expression
    (5) expression -> . expression POWER expression
    (6) expression -> . LPAREN expression RPAREN
    (7) expression -> . NUMBER
    (8) expression -> . SIN LPAREN expression RPAREN
    (9) expression -> . COS LPAREN expression RPAREN
    (10) expression -> . TAN LPAREN expression RPAREN
    (11) expression -> . LOG LPAREN expression RPAREN
    (12) expression -> . SQRT LPAREN expression RPAREN

    LPAREN          shift and go to state 2
    NUMBER          shift and go to state 3
    SIN             shift and go to state 4
    COS             shift and go to state 5
    TAN             shift and go to state 6
    LOG             shift and go to state 7
    SQRT            shift and go to state 8

    expression                     shift and go to state 1

state 1

    (0) S' -> expression .
    (1) expression -> expression . PLUS expression
    (2) expression -> expression . MINUS expression
    (3) expression -> expression . MULTIPLY expression
    (4) expression -> expression . DIVIDE expression
    (5) expression -> expression . POWER expression

    PLUS            shift and go to state 9
    MINUS           shift and go to state 10
    MULTIPLY        shift and go to state 11
    DIVIDE          shift and go to state 12
    POWER           shift and go to state 13


state 2

    (6) expression -> LPAREN . expression RPAREN
    (1) expression -> . expression PLUS expression
    (2) expression -> . expression MINUS expression
    (3) expression -> . expression MULTIPLY expression
    (4) expression -> . expression DIVIDE expression
    (5) expression -> . expression POWER expression
    (6) expression -> . LPAREN expression RPAREN
    (7) expression -> . NUMBER
    (8) expression -> . SIN LPAREN expression RPAREN
    (9) expression -> . COS LPAREN expression RPAREN
    (10) expression -> . TAN LPAREN expression RPAREN
    (11) expression -> . LOG LPAREN expression RPAREN
    (12) expression -> . SQRT LPAREN expression RPAREN

    LPAREN          shift and go to state 2
    NUMBER          shift and go to state 3
    SIN             shift and go to state 4
    COS             shift and go to state 5
    TAN             shift and go to state 6
    LOG             shift and go to state 7
    SQRT            shift and go to state 8

    expression                     shift and go to state 14

state 3

    (7) expression -> NUMBER .

    PLUS            reduce using rule 7 (expression -> NUMBER .)
    MINUS           reduce using rule 7 (expression -> NUMBER .)
    MULTIPLY        reduce using rule 7 (expression -> NUMBER .)
    DIVIDE          reduce using rule 7 (expression -> NUMBER .)
    POWER           reduce using rule 7 (expression -> NUMBER .)
    $end            reduce using rule 7 (expression -> NUMBER .)
    RPAREN          reduce using rule 7 (expression -> NUMBER .)


state 4

    (8) expression -> SIN . LPAREN expression RPAREN

    LPAREN          shift and go to state 15


state 5

    (9) expression -> COS . LPAREN expression RPAREN

    LPAREN          shift and go to state 16


state 6

    (10) expression -> TAN . LPAREN expression RPAREN

    LPAREN          shift and go to state 17


state 7

    (11) expression -> LOG . LPAREN expression RPAREN

    LPAREN          shift and go to state 18


state 8

    (12) expression -> SQRT . LPAREN expression RPAREN

    LPAREN          shift and go to state 19


state 9

    (1) expression -> expression PLUS . expression
    (1) expression -> . expression PLUS expression
    (2) expression -> . expression MINUS expression
    (3) expression -> . expression MULTIPLY expression
    (4) expression -> . expression DIVIDE expression
    (5) expression -> . expression POWER expression
    (6) expression -> . LPAREN expression RPAREN
    (7) expression -> . NUMBER
    (8) expression -> . SIN LPAREN expression RPAREN
    (9) expression -> . COS LPAREN expression RPAREN
    (10) expression -> . TAN LPAREN expression RPAREN
    (11) expression -> . LOG LPAREN expression RPAREN
    (12) expression -> . SQRT LPAREN expression RPAREN

    LPAREN          shift and go to state 2
    NUMBER          shift and go to state 3
    SIN             shift and go to state 4
    COS             shift and go to state 5
    TAN             shift and go to state 6
    LOG             shift and go to state 7
    SQRT            shift and go to state 8

    expression                     shift and go to state 20

state 10

    (2) expression -> expression MINUS . expression
    (1) expression -> . expression PLUS expression
    (2) expression -> . expression MINUS expression
    (3) expression -> . expression MULTIPLY expression
    (4) expression -> . expression DIVIDE expression
    (5) expression -> . expression POWER expression
    (6) expression -> . LPAREN expression RPAREN
    (7) expression -> . NUMBER
    (8) expression -> . SIN LPAREN expression RPAREN
    (9) expression -> . COS LPAREN expression RPAREN
    (10) expression -> . TAN LPAREN expression RPAREN
    (11) expression -> . LOG LPAREN expression RPAREN
    (12) expression -> . SQRT LPAREN expression RPAREN

    LPAREN          shift and go to state 2
    NUMBER          shift and go to state 3
    SIN             shift and go to state 4
    COS             shift and go to state 5
    TAN             shift and go to state 6
    LOG             shift and go to state 7
    SQRT            shift and go to state 8

    expression                     shift and go to state 21

state 11

    (3) expression -> expression MULTIPLY . expression
    (1) expression -> . expression PLUS expression
    (2) expression -> . expression MINUS expression
    (3) expression -> . expression MULTIPLY expression
    (4) expression -> . expression DIVIDE expression
    (5) expression -> . expression POWER expression
    (6) expression -> . LPAREN expression RPAREN
    (7) expression -> . NUMBER
    (8) expression -> . SIN LPAREN expression RPAREN
    (9) expression -> . COS LPAREN expression RPAREN
    (10) expression -> . TAN LPAREN expression RPAREN
    (11) expression -> . LOG LPAREN expression RPAREN
    (12) expression -> . SQRT LPAREN expression RPAREN

    LPAREN          shift and go to state 2
    NUMBER          shift and go to state 3
    SIN             shift and go to state 4
    COS             shift and go to state 5
    TAN             shift and go to state 6
    LOG             shift and go to state 7
    SQRT            shift and go to state 8

    expression                     shift and go to state 22

state 12

    (4) expression -> expression DIVIDE . expression
    (1) expression -> . expression PLUS expression
    (2) expression -> . expression MINUS expression
    (3) expression -> . expression MULTIPLY expression
    (4) expression -> . expression DIVIDE expression
    (5) expression -> . expression POWER expression
    (6) expression -> . LPAREN expression RPAREN
    (7) expression -> . NUMBER
    (8) expression -> . SIN LPAREN expression RPAREN
    (9) expression -> . COS LPAREN expression RPAREN
    (10) expression -> . TAN LPAREN expression RPAREN
    (11) expression -> . LOG LPAREN expression RPAREN
    (12) expression -> . SQRT LPAREN expression RPAREN

    LPAREN          shift and go to state 2
    NUMBER          shift and go to state 3
    SIN             shift and go to state 4
    COS             shift and go to state 5
    TAN             shift and go to state 6
    LOG             shift and go to state 7
    SQRT            shift and go to state 8

    expression                     shift and go to state 23

state 13

    (5) expression -> expression POWER . expression
    (1) expression -> . expression PLUS expression
    (2) expression -> . expression MINUS expression
    (3) expression -> . expression MULTIPLY expression
    (4) expression -> . expression DIVIDE expression
    (5) expression -> . expression POWER expression
    (6) expression -> . LPAREN expression RPAREN
    (7) expression -> . NUMBER
    (8) expression -> . SIN LPAREN expression RPAREN
    (9) expression -> . COS LPAREN expression RPAREN
    (10) expression -> . TAN LPAREN expression RPAREN
    (11) expression -> . LOG LPAREN expression RPAREN
    (12) expression -> . SQRT LPAREN expression RPAREN

    LPAREN          shift and go to state 2
    NUMBER          shift and go to state 3
    SIN             shift and go to state 4
    COS             shift and go to state 5
    TAN             shift and go to state 6
    LOG             shift and go to state 7
    SQRT            shift and go to state 8

    expression                     shift and go to state 24

state 14

    (6) expression -> LPAREN expression . RPAREN
    (1) expression -> expression . PLUS expression
    (2) expression -> expression . MINUS expression
    (3) expression -> expression . MULTIPLY expression
    (4) expression -> expression . DIVIDE expression
    (5) expression -> expression . POWER expression

    RPAREN          shift and go to state 25
    PLUS            shift and go to state 9
    MINUS           shift and go to state 10
    MULTIPLY        shift and go to state 11
    DIVIDE          shift and go to state 12
    POWER           shift and go to state 13


state 15

    (8) expression -> SIN LPAREN . expression RPAREN
    (1) expression -> . expression PLUS expression
    (2) expression -> . expression MINUS expression
    (3) expression -> . expression MULTIPLY expression
    (4) expression -> . expression DIVIDE expression
    (5) expression -> . expression POWER expression
    (6) expression -> . LPAREN expression RPAREN
    (7) expression -> . NUMBER
    (8) expression -> . SIN LPAREN expression RPAREN
    (9) expression -> . COS LPAREN expression RPAREN
    (10) expression -> . TAN LPAREN expression RPAREN
    (11) expression -> . LOG LPAREN expression RPAREN
    (12) expression -> . SQRT LPAREN expression RPAREN

    LPAREN          shift and go to state 2
    NUMBER          shift and go to state 3
    SIN             shift and go to state 4
    COS             shift and go to state 5
    TAN             shift and go to state 6
    LOG             shift and go to state 7
    SQRT            shift and go to state 8

    expression                     shift and go to state 26

state 16

    (9) expression -> COS LPAREN . expression RPAREN
    (1) expression -> . expression PLUS expression
    (2) expression -> . expression MINUS expression
    (3) expression -> . expression MULTIPLY expression
    (4) expression -> . expression DIVIDE expression
    (5) expression -> . expression POWER expression
    (6) expression -> . LPAREN expression RPAREN
    (7) expression -> . NUMBER
    (8) expression -> . SIN LPAREN expression RPAREN
    (9) expression -> . COS LPAREN expression RPAREN
    (10) expression -> . TAN LPAREN expression RPAREN
    (11) expression -> . LOG LPAREN expression RPAREN
    (12) expression -> . SQRT LPAREN expression RPAREN

    LPAREN          shift and go to state 2
    NUMBER          shift and go to state 3
    SIN             shift and go to state 4
    COS             shift and go to state 5
    TAN             shift and go to state 6
    LOG             shift and go to state 7
    SQRT            shift and go to state 8

    expression                     shift and go to state 27

state 17

    (10) expression -> TAN LPAREN . expression RPAREN
    (1) expression -> . expression PLUS expression
    (2) expression -> . expression MINUS expression
    (3) expression -> . expression MULTIPLY expression
    (4) expression -> . expression DIVIDE expression
    (5) expression -> . expression POWER expression
    (6) expression -> . LPAREN expression RPAREN
    (7) expression -> . NUMBER
    (8) expression -> . SIN LPAREN expression RPAREN
    (9) expression -> . COS LPAREN expression RPAREN
    (10) expression -> . TAN LPAREN expression RPAREN
    (11) expression -> . LOG LPAREN expression RPAREN
    (12) expression -> . SQRT LPAREN expression RPAREN

    LPAREN          shift and go to state 2
    NUMBER          shift and go to state 3
    SIN             shift and go to state 4
    COS             shift and go to state 5
    TAN             shift and go to state 6
    LOG             shift and go to state 7
    SQRT            shift and go to state 8

    expression                     shift and go to state 28

state 18

    (11) expression -> LOG LPAREN . expression RPAREN
    (1) expression -> . expression PLUS expression
    (2) expression -> . expression MINUS expression
    (3) expression -> . expression MULTIPLY expression
    (4) expression -> . expression DIVIDE expression
    (5) expression -> . expression POWER expression
    (6) expression -> . LPAREN expression RPAREN
    (7) expression -> . NUMBER
    (8) expression -> . SIN LPAREN expression RPAREN
    (9) expression -> . COS LPAREN expression RPAREN
    (10) expression -> . TAN LPAREN expression RPAREN
    (11) expression -> . LOG LPAREN expression RPAREN
    (12) expression -> . SQRT LPAREN expression RPAREN

    LPAREN          shift and go to state 2
    NUMBER          shift and go to state 3
    SIN             shift and go to state 4
    COS             shift and go to state 5
    TAN             shift and go to state 6
    LOG             shift and go to state 7
    SQRT            shift and go to state 8

    expression                     shift and go to state 29

state 19

    (12) expression -> SQRT LPAREN . expression RPAREN
    (1) expression -> . expression PLUS expression
    (2) expression -> . expression MINUS expression
    (3) expression -> . expression MULTIPLY expression
    (4) expression -> . expression DIVIDE expression
    (5) expression -> . expression POWER expression
    (6) expression -> . LPAREN expression RPAREN
    (7) expression -> . NUMBER
    (8) expression -> . SIN LPAREN expression RPAREN
    (9) expression -> . COS LPAREN expression RPAREN
    (10) expression -> . TAN LPAREN expression RPAREN
    (11) expression -> . LOG LPAREN expression RPAREN
    (12) expression -> . SQRT LPAREN expression RPAREN

    LPAREN          shift and go to state 2
    NUMBER          shift and go to state 3
    SIN             shift and go to state 4
    COS             shift and go to state 5
    TAN             shift and go to state 6
    LOG             shift and go to state 7
    SQRT            shift and go to state 8

    expression                     shift and go to state 30

state 20

    (1) expression -> expression PLUS expression .
    (1) expression -> expression . PLUS expression
    (2) expression -> expression . MINUS expression
    (3) expression -> expression . MULTIPLY expression
    (4) expression -> expression . DIVIDE expression
    (5) expression -> expression . POWER expression

    PLUS            reduce using rule 1 (expression -> expression PLUS expression .)
    MINUS           reduce using rule 1 (expression -> expression PLUS expression .)
    $end            reduce using rule 1 (expression -> expression PLUS expression .)
    RPAREN          reduce using rule 1 (expression -> expression PLUS expression .)
    MULTIPLY        shift and go to state 11
    DIVIDE          shift and go to state 12
    POWER           shift and go to state 13

  ! MULTIPLY        [ reduce using rule 1 (expression -> expression PLUS expression .) ]
  ! DIVIDE          [ reduce using rule 1 (expression -> expression PLUS expression .) ]
  ! POWER           [ reduce using rule 1 (expression -> expression PLUS expression .) ]
  ! PLUS            [ shift and go to state 9 ]
  ! MINUS           [ shift and go to state 10 ]


state 21

    (2) expression -> expression MINUS expression .
    (1) expression -> expression . PLUS expression
    (2) expression -> expression . MINUS expression
    (3) expression -> expression . MULTIPLY expression
    (4) expression -> expression . DIVIDE expression
    (5) expression -> expression . POWER expression

    PLUS            reduce using rule 2 (expression -> expression MINUS expression .)
    MINUS           reduce using rule 2 (expression -> expression MINUS expression .)
    $end            reduce using rule 2 (expression -> expression MINUS expression .)
    RPAREN          reduce using rule 2 (expression -> expression MINUS expression .)
    MULTIPLY        shift and go to state 11
    DIVIDE          shift and go to state 12
    POWER           shift and go to state 13

  ! MULTIPLY        [ reduce using rule 2 (expression -> expression MINUS expression .) ]
  ! DIVIDE          [ reduce using rule 2 (expression -> expression MINUS expression .) ]
  ! POWER           [ reduce using rule 2 (expression -> expression MINUS expression .) ]
  ! PLUS            [ shift and go to state 9 ]
  ! MINUS           [ shift and go to state 10 ]


state 22

    (3) expression -> expression MULTIPLY expression .
    (1) expression -> expression . PLUS expression
    (2) expression -> expression . MINUS expression
    (3) expression -> expression . MULTIPLY expression
    (4) expression -> expression . DIVIDE expression
    (5) expression -> expression . POWER expression

    PLUS            reduce using rule 3 (expression -> expression MULTIPLY expression .)
    MINUS           reduce using rule 3 (expression -> expression MULTIPLY expression .)
    MULTIPLY        reduce using rule 3 (expression -> expression MULTIPLY expression .)
    DIVIDE          reduce using rule 3 (expression -> expression MULTIPLY expression .)
    $end            reduce using rule 3 (expression -> expression MULTIPLY expression .)
    RPAREN          reduce using rule 3 (expression -> expression MULTIPLY expression .)
    POWER           shift and go to state 13

  ! POWER           [ reduce using rule 3 (expression -> expression MULTIPLY expression .) ]
  ! PLUS            [ shift and go to state 9 ]
  ! MINUS           [ shift and go to state 10 ]
  ! MULTIPLY        [ shift and go to state 11 ]
  ! DIVIDE          [ shift and go to state 12 ]


state 23

    (4) expression -> expression DIVIDE expression .
    (1) expression -> expression . PLUS expression
    (2) expression -> expression . MINUS expression
    (3) expression -> expression . MULTIPLY expression
    (4) expression -> expression . DIVIDE expression
    (5) expression -> expression . POWER expression

    PLUS            reduce using rule 4 (expression -> expression DIVIDE expression .)
    MINUS           reduce using rule 4 (expression -> expression DIVIDE expression .)
    MULTIPLY        reduce using rule 4 (expression -> expression DIVIDE expression .)
    DIVIDE          reduce using rule 4 (expression -> expression DIVIDE expression .)
    $end            reduce using rule 4 (expression -> expression DIVIDE expression .)
    RPAREN          reduce using rule 4 (expression -> expression DIVIDE expression .)
    POWER           shift and go to state 13

  ! POWER           [ reduce using rule 4 (expression -> expression DIVIDE expression .) ]
  ! PLUS            [ shift and go to state 9 ]
  ! MINUS           [ shift and go to state 10 ]
  ! MULTIPLY        [ shift and go to state 11 ]
  ! DIVIDE          [ shift and go to state 12 ]


state 24

    (5) expression -> expression POWER expression .
    (1) expression -> expression . PLUS expression
    (2) expression -> expression . MINUS expression
    (3) expression -> expression . MULTIPLY expression
    (4) expression -> expression . DIVIDE expression
    (5) expression -> expression . POWER expression

    PLUS            reduce using rule 5 (expression -> expression POWER expression .)
    MINUS           reduce using rule 5 (expression -> expression POWER expression .)
    MULTIPLY        reduce using rule 5 (expression -> expression POWER expression .)
    DIVIDE          reduce using rule 5 (expression -> expression POWER expression .)
    $end            reduce using rule 5 (expression -> expression POWER expression .)
    RPAREN          reduce using rule 5 (expression -> expression POWER expression .)
    POWER           shift and go to state 13

  ! POWER           [ reduce using rule 5 (expression -> expression POWER expression .) ]
  ! PLUS            [ shift and go to state 9 ]
  ! MINUS           [ shift and go to state 10 ]
  ! MULTIPLY        [ shift and go to state 11 ]
  ! DIVIDE          [ shift and go to state 12 ]


state 25

    (6) expression -> LPAREN expression RPAREN .

    PLUS            reduce using rule 6 (expression -> LPAREN expression RPAREN .)
    MINUS           reduce using rule 6 (expression -> LPAREN expression RPAREN .)
    MULTIPLY        reduce using rule 6 (expression -> LPAREN expression RPAREN .)
    DIVIDE          reduce using rule 6 (expression -> LPAREN expression RPAREN .)
    POWER           reduce using rule 6 (expression -> LPAREN expression RPAREN .)
    $end            reduce using rule 6 (expression -> LPAREN expression RPAREN .)
    RPAREN          reduce using rule 6 (expression -> LPAREN expression RPAREN .)


state 26

    (8) expression -> SIN LPAREN expression . RPAREN
    (1) expression -> expression . PLUS expression
    (2) expression -> expression . MINUS expression
    (3) expression -> expression . MULTIPLY expression
    (4) expression -> expression . DIVIDE expression
    (5) expression -> expression . POWER expression

    RPAREN          shift and go to state 31
    PLUS            shift and go to state 9
    MINUS           shift and go to state 10
    MULTIPLY        shift and go to state 11
    DIVIDE          shift and go to state 12
    POWER           shift and go to state 13


state 27

    (9) expression -> COS LPAREN expression . RPAREN
    (1) expression -> expression . PLUS expression
    (2) expression -> expression . MINUS expression
    (3) expression -> expression . MULTIPLY expression
    (4) expression -> expression . DIVIDE expression
    (5) expression -> expression . POWER expression

    RPAREN          shift and go to state 32
    PLUS            shift and go to state 9
    MINUS           shift and go to state 10
    MULTIPLY        shift and go to state 11
    DIVIDE          shift and go to state 12
    POWER           shift and go to state 13


state 28

    (10) expression -> TAN LPAREN expression . RPAREN
    (1) expression -> expression . PLUS expression
    (2) expression -> expression . MINUS expression
    (3) expression -> expression . MULTIPLY expression
    (4) expression -> expression . DIVIDE expression
    (5) expression -> expression . POWER expression

    RPAREN          shift and go to state 33
    PLUS            shift and go to state 9
    MINUS           shift and go to state 10
    MULTIPLY        shift and go to state 11
    DIVIDE          shift and go to state 12
    POWER           shift and go to state 13


state 29

    (11) expression -> LOG LPAREN expression . RPAREN
    (1) expression -> expression . PLUS expression
    (2) expression -> expression . MINUS expression
    (3) expression -> expression . MULTIPLY expression
    (4) expression -> expression . DIVIDE expression
    (5) expression -> expression . POWER expression

    RPAREN          shift and go to state 34
    PLUS            shift and go to state 9
    MINUS           shift and go to state 10
    MULTIPLY        shift and go to state 11
    DIVIDE          shift and go to state 12
    POWER           shift and go to state 13


state 30

    (12) expression -> SQRT LPAREN expression . RPAREN
    (1) expression -> expression . PLUS expression
    (2) expression -> expression . MINUS expression
    (3) expression -> expression . MULTIPLY expression
    (4) expression -> expression . DIVIDE expression
    (5) expression -> expression . POWER expression

    RPAREN          shift and go to state 35
    PLUS            shift and go to state 9
    MINUS           shift and go to state 10
    MULTIPLY        shift and go to state 11
    DIVIDE          shift and go to state 12
    POWER           shift and go to state 13


state 31

    (8) expression -> SIN LPAREN expression RPAREN .

    PLUS            reduce using rule 8 (expression -> SIN LPAREN expression RPAREN .)
    MINUS           reduce using rule 8 (expression -> SIN LPAREN expression RPAREN .)
    MULTIPLY        reduce using rule 8 (expression -> SIN LPAREN expression RPAREN .)
    DIVIDE          reduce using rule 8 (expression -> SIN LPAREN expression RPAREN .)
    POWER           reduce using rule 8 (expression -> SIN LPAREN expression RPAREN .)
    $end            reduce using rule 8 (expression -> SIN LPAREN expression RPAREN .)
    RPAREN          reduce using rule 8 (expression -> SIN LPAREN expression RPAREN .)


state 32

    (9) expression -> COS LPAREN expression RPAREN .

    PLUS            reduce using rule 9 (expression -> COS LPAREN expression RPAREN .)
    MINUS           reduce using rule 9 (expression -> COS LPAREN expression RPAREN .)
    MULTIPLY        reduce using rule 9 (expression -> COS LPAREN expression RPAREN .)
    DIVIDE          reduce using rule 9 (expression -> COS LPAREN expression RPAREN .)
    POWER           reduce using rule 9 (expression -> COS LPAREN expression RPAREN .)
    $end            reduce using rule 9 (expression -> COS LPAREN expression RPAREN .)
    RPAREN          reduce using rule 9 (expression -> COS LPAREN expression RPAREN .)


state 33

    (10) expression -> TAN LPAREN expression RPAREN .

    PLUS            reduce using rule 10 (expression -> TAN LPAREN expression RPAREN .)
    MINUS           reduce using rule 10 (expression -> TAN LPAREN expression RPAREN .)
    MULTIPLY        reduce using rule 10 (expression -> TAN LPAREN expression RPAREN .)
    DIVIDE          reduce using rule 10 (expression -> TAN LPAREN expression RPAREN .)
    POWER           reduce using rule 10 (expression -> TAN LPAREN expression RPAREN .)
    $end            reduce using rule 10 (expression -> TAN LPAREN expression RPAREN .)
    RPAREN          reduce using rule 10 (expression -> TAN LPAREN expression RPAREN .)


state 34

    (11) expression -> LOG LPAREN expression RPAREN .

    PLUS            reduce using rule 11 (expression -> LOG LPAREN expression RPAREN .)
    MINUS           reduce using rule 11 (expression -> LOG LPAREN expression RPAREN .)
    MULTIPLY        reduce using rule 11 (expression -> LOG LPAREN expression RPAREN .)
    DIVIDE          reduce using rule 11 (expression -> LOG LPAREN expression RPAREN .)
    POWER           reduce using rule 11 (expression -> LOG LPAREN expression RPAREN .)
    $end            reduce using rule 11 (expression -> LOG LPAREN expression RPAREN .)
    RPAREN          reduce using rule 11 (expression -> LOG LPAREN expression RPAREN .)


state 35

    (12) expression -> SQRT LPAREN expression RPAREN .

    PLUS            reduce using rule 12 (expression -> SQRT LPAREN expression RPAREN .)
    MINUS           reduce using rule 12 (expression -> SQRT LPAREN expression RPAREN .)
    MULTIPLY        reduce using rule 12 (expression -> SQRT LPAREN expression RPAREN .)
    DIVIDE          reduce using rule 12 (expression -> SQRT LPAREN expression RPAREN .)
    POWER           reduce using rule 12 (expression -> SQRT LPAREN expression RPAREN .)
    $end            reduce using rule 12 (expression -> SQRT LPAREN expression RPAREN .)
    RPAREN          reduce using rule 12 (expression -> SQRT LPAREN expression RPAREN .)

